<?xml version="1.0" encoding="UTF-8"?>
<testng-results skipped="0" failed="0" total="1" passed="1">
  <reporter-output>
  </reporter-output>
  <suite name="Default suite" duration-ms="12363" started-at="2017-04-11T12:50:27Z" finished-at="2017-04-11T12:50:39Z">
    <groups>
    </groups>
    <test name="Default test" duration-ms="12363" started-at="2017-04-11T12:50:27Z" finished-at="2017-04-11T12:50:39Z">
      <class name="Testcases.LoginAppllication">
        <test-method status="PASS" signature="Login()[pri:0, instance:Testcases.LoginAppllication@ef9296d]" name="Login" duration-ms="12350" started-at="2017-04-11T18:20:27Z" finished-at="2017-04-11T18:20:39Z">
          <reporter-output>
          </reporter-output>
        </test-method> <!-- Login -->
      </class> <!-- Testcases.LoginAppllication -->
    </test> <!-- Default test -->
  </suite> <!-- Default suite -->
</testng-results>
